This file contains any messages produced by compilers while
running configure, to aid debugging if configure makes a mistake.

It was created by RCSSServer configure 17.0.1, which was
generated by GNU Autoconf 2.69.  Invocation command line was

  $ ./rcssserver-17.0.1/configure 

## --------- ##
## Platform. ##
## --------- ##

hostname = toolbox
uname -m = x86_64
uname -r = 5.17.5-200.fc35.x86_64
uname -s = Linux
uname -v = #1 SMP PREEMPT Thu Apr 28 15:41:41 UTC 2022

/usr/bin/uname -p = x86_64
/bin/uname -X     = unknown

/bin/arch              = x86_64
/usr/bin/arch -k       = unknown
/usr/convex/getsysinfo = unknown
/usr/bin/hostinfo      = unknown
/bin/machine           = unknown
/usr/bin/oslevel       = unknown
/bin/universe          = unknown

PATH: /var/home/DiovaniECoelli/miniconda3/bin
PATH: /var/home/DiovaniECoelli/miniconda3/condabin
PATH: /var/home/DiovaniECoelli/.local/share/pnpm
PATH: /usr/local/sbin
PATH: /usr/local/bin
PATH: /usr/sbin
PATH: /usr/bin
PATH: /sbin
PATH: /bin


## ----------- ##
## Core tests. ##
## ----------- ##

configure:2649: checking for a BSD-compatible install
configure:2717: result: /usr/bin/install -c
configure:2728: checking whether build environment is sane
configure:2783: result: yes
configure:2934: checking for a thread-safe mkdir -p
configure:2973: result: /usr/bin/mkdir -p
configure:2980: checking for gawk
configure:2996: found /usr/bin/gawk
configure:3007: result: gawk
configure:3018: checking whether make sets $(MAKE)
configure:3040: result: yes
configure:3069: checking whether make supports nested variables
configure:3086: result: yes
configure:3279: checking for g++
configure:3295: found /usr/bin/g++
configure:3306: result: g++
configure:3333: checking for C++ compiler version
configure:3342: g++ --version >&5
g++ (GCC) 12.0.1 20220413 (Red Hat 12.0.1-0)
Copyright (C) 2022 Free Software Foundation, Inc.
This is free software; see the source for copying conditions.  There is NO
warranty; not even for MERCHANTABILITY or FITNESS FOR A PARTICULAR PURPOSE.

configure:3353: $? = 0
configure:3342: g++ -v >&5
Using built-in specs.
COLLECT_GCC=g++
COLLECT_LTO_WRAPPER=/usr/libexec/gcc/x86_64-redhat-linux/12/lto-wrapper
OFFLOAD_TARGET_NAMES=nvptx-none
OFFLOAD_TARGET_DEFAULT=1
Target: x86_64-redhat-linux
Configured with: ../configure --enable-bootstrap --enable-languages=c,c++,fortran,objc,obj-c++,ada,go,d,lto --prefix=/usr --mandir=/usr/share/man --infodir=/usr/share/info --with-bugurl=http://bugzilla.redhat.com/bugzilla --enable-shared --enable-threads=posix --enable-checking=release --enable-multilib --with-system-zlib --enable-__cxa_atexit --disable-libunwind-exceptions --enable-gnu-unique-object --enable-linker-build-id --with-gcc-major-version-only --enable-libstdcxx-backtrace --with-linker-hash-style=gnu --enable-plugin --enable-initfini-array --with-isl=/builddir/build/BUILD/gcc-12.0.1-20220413/obj-x86_64-redhat-linux/isl-install --enable-offload-targets=nvptx-none --without-cuda-driver --enable-offload-defaulted --enable-gnu-indirect-function --enable-cet --with-tune=generic --with-arch_32=i686 --build=x86_64-redhat-linux --with-build-config=bootstrap-lto --enable-link-serialization=1
Thread model: posix
Supported LTO compression algorithms: zlib zstd
gcc version 12.0.1 20220413 (Red Hat 12.0.1-0) (GCC) 
... rest of stderr output deleted ...
configure:3353: $? = 0
configure:3342: g++ -V >&5
g++: error: unrecognized command-line option '-V'
g++: fatal error: no input files
compilation terminated.
configure:3353: $? = 1
configure:3342: g++ -qversion >&5
g++: error: unrecognized command-line option '-qversion'; did you mean '--version'?
g++: fatal error: no input files
compilation terminated.
configure:3353: $? = 1
configure:3373: checking whether the C++ compiler works
configure:3395: g++    conftest.cpp  >&5
configure:3399: $? = 0
configure:3447: result: yes
configure:3450: checking for C++ compiler default output file name
configure:3452: result: a.out
configure:3458: checking for suffix of executables
configure:3465: g++ -o conftest    conftest.cpp  >&5
configure:3469: $? = 0
configure:3491: result: 
configure:3513: checking whether we are cross compiling
configure:3521: g++ -o conftest    conftest.cpp  >&5
configure:3525: $? = 0
configure:3532: ./conftest
configure:3536: $? = 0
configure:3551: result: no
configure:3556: checking for suffix of object files
configure:3578: g++ -c   conftest.cpp >&5
configure:3582: $? = 0
configure:3603: result: o
configure:3607: checking whether we are using the GNU C++ compiler
configure:3626: g++ -c   conftest.cpp >&5
configure:3626: $? = 0
configure:3635: result: yes
configure:3644: checking whether g++ accepts -g
configure:3664: g++ -c -g  conftest.cpp >&5
configure:3664: $? = 0
configure:3705: result: yes
configure:3731: checking whether make supports the include directive
configure:3746: make -f confmf.GNU && cat confinc.out
this is the am__doit target
configure:3749: $? = 0
configure:3768: result: yes (GNU style)
configure:3793: checking dependency style of g++
configure:3904: result: gcc3
configure:3923: checking for gawk
configure:3950: result: gawk
configure:4009: checking for gcc
configure:4025: found /usr/bin/gcc
configure:4036: result: gcc
configure:4265: checking for C compiler version
configure:4274: gcc --version >&5
gcc (GCC) 12.0.1 20220413 (Red Hat 12.0.1-0)
Copyright (C) 2022 Free Software Foundation, Inc.
This is free software; see the source for copying conditions.  There is NO
warranty; not even for MERCHANTABILITY or FITNESS FOR A PARTICULAR PURPOSE.

configure:4285: $? = 0
configure:4274: gcc -v >&5
Using built-in specs.
COLLECT_GCC=gcc
COLLECT_LTO_WRAPPER=/usr/libexec/gcc/x86_64-redhat-linux/12/lto-wrapper
OFFLOAD_TARGET_NAMES=nvptx-none
OFFLOAD_TARGET_DEFAULT=1
Target: x86_64-redhat-linux
Configured with: ../configure --enable-bootstrap --enable-languages=c,c++,fortran,objc,obj-c++,ada,go,d,lto --prefix=/usr --mandir=/usr/share/man --infodir=/usr/share/info --with-bugurl=http://bugzilla.redhat.com/bugzilla --enable-shared --enable-threads=posix --enable-checking=release --enable-multilib --with-system-zlib --enable-__cxa_atexit --disable-libunwind-exceptions --enable-gnu-unique-object --enable-linker-build-id --with-gcc-major-version-only --enable-libstdcxx-backtrace --with-linker-hash-style=gnu --enable-plugin --enable-initfini-array --with-isl=/builddir/build/BUILD/gcc-12.0.1-20220413/obj-x86_64-redhat-linux/isl-install --enable-offload-targets=nvptx-none --without-cuda-driver --enable-offload-defaulted --enable-gnu-indirect-function --enable-cet --with-tune=generic --with-arch_32=i686 --build=x86_64-redhat-linux --with-build-config=bootstrap-lto --enable-link-serialization=1
Thread model: posix
Supported LTO compression algorithms: zlib zstd
gcc version 12.0.1 20220413 (Red Hat 12.0.1-0) (GCC) 
... rest of stderr output deleted ...
configure:4285: $? = 0
configure:4274: gcc -V >&5
gcc: error: unrecognized command-line option '-V'
gcc: fatal error: no input files
compilation terminated.
configure:4285: $? = 1
configure:4274: gcc -qversion >&5
gcc: error: unrecognized command-line option '-qversion'; did you mean '--version'?
gcc: fatal error: no input files
compilation terminated.
configure:4285: $? = 1
configure:4289: checking whether we are using the GNU C compiler
configure:4308: gcc -c   conftest.c >&5
configure:4308: $? = 0
configure:4317: result: yes
configure:4326: checking whether gcc accepts -g
configure:4346: gcc -c -g  conftest.c >&5
configure:4346: $? = 0
configure:4387: result: yes
configure:4404: checking for gcc option to accept ISO C89
configure:4467: gcc  -c -g -O2  conftest.c >&5
configure:4467: $? = 0
configure:4480: result: none needed
configure:4505: checking whether gcc understands -c and -o together
configure:4527: gcc -c conftest.c -o conftest2.o
configure:4530: $? = 0
configure:4527: gcc -c conftest.c -o conftest2.o
configure:4530: $? = 0
configure:4542: result: yes
configure:4561: checking dependency style of gcc
configure:4672: result: gcc3
configure:4692: checking how to run the C preprocessor
configure:4723: gcc -E  conftest.c
configure:4723: $? = 0
configure:4737: gcc -E  conftest.c
conftest.c:11:10: fatal error: ac_nonexistent.h: No such file or directory
   11 | #include <ac_nonexistent.h>
      |          ^~~~~~~~~~~~~~~~~~
compilation terminated.
configure:4737: $? = 1
configure: failed program was:
| /* confdefs.h */
| #define PACKAGE_NAME "RCSSServer"
| #define PACKAGE_TARNAME "rcssserver"
| #define PACKAGE_VERSION "17.0.1"
| #define PACKAGE_STRING "RCSSServer 17.0.1"
| #define PACKAGE_BUGREPORT "https://github.com/rcsoccersim/"
| #define PACKAGE_URL ""
| #define PACKAGE "rcssserver"
| #define VERSION "17.0.1"
| /* end confdefs.h.  */
| #include <ac_nonexistent.h>
configure:4762: result: gcc -E
configure:4782: gcc -E  conftest.c
configure:4782: $? = 0
configure:4796: gcc -E  conftest.c
conftest.c:11:10: fatal error: ac_nonexistent.h: No such file or directory
   11 | #include <ac_nonexistent.h>
      |          ^~~~~~~~~~~~~~~~~~
compilation terminated.
configure:4796: $? = 1
configure: failed program was:
| /* confdefs.h */
| #define PACKAGE_NAME "RCSSServer"
| #define PACKAGE_TARNAME "rcssserver"
| #define PACKAGE_VERSION "17.0.1"
| #define PACKAGE_STRING "RCSSServer 17.0.1"
| #define PACKAGE_BUGREPORT "https://github.com/rcsoccersim/"
| #define PACKAGE_URL ""
| #define PACKAGE "rcssserver"
| #define VERSION "17.0.1"
| /* end confdefs.h.  */
| #include <ac_nonexistent.h>
configure:4825: checking whether ln -s works
configure:4829: result: yes
configure:4836: checking whether make sets $(MAKE)
configure:4858: result: yes
configure:4877: checking for cos in -lm
configure:4902: gcc -o conftest -g -O2   conftest.c -lm   >&5
conftest.c:18:6: warning: conflicting types for built-in function 'cos'; expected 'double(double)' [-Wbuiltin-declaration-mismatch]
   18 | char cos ();
      |      ^~~
conftest.c:1:1: note: 'cos' is declared in header '<math.h>'
    1 | /* confdefs.h */
configure:4902: $? = 0
configure:4911: result: yes
configure:4929: checking for grep that handles long lines and -e
configure:4987: result: /usr/bin/grep
configure:4992: checking for egrep
configure:5054: result: /usr/bin/grep -E
configure:5059: checking for ANSI C header files
configure:5079: gcc -c -g -O2  conftest.c >&5
configure:5079: $? = 0
configure:5152: gcc -o conftest -g -O2   conftest.c -lm  >&5
configure:5152: $? = 0
configure:5152: ./conftest
configure:5152: $? = 0
configure:5163: result: yes
configure:5176: checking for sys/types.h
configure:5176: gcc -c -g -O2  conftest.c >&5
configure:5176: $? = 0
configure:5176: result: yes
configure:5176: checking for sys/stat.h
configure:5176: gcc -c -g -O2  conftest.c >&5
configure:5176: $? = 0
configure:5176: result: yes
configure:5176: checking for stdlib.h
configure:5176: gcc -c -g -O2  conftest.c >&5
configure:5176: $? = 0
configure:5176: result: yes
configure:5176: checking for string.h
configure:5176: gcc -c -g -O2  conftest.c >&5
configure:5176: $? = 0
configure:5176: result: yes
configure:5176: checking for memory.h
configure:5176: gcc -c -g -O2  conftest.c >&5
configure:5176: $? = 0
configure:5176: result: yes
configure:5176: checking for strings.h
configure:5176: gcc -c -g -O2  conftest.c >&5
configure:5176: $? = 0
configure:5176: result: yes
configure:5176: checking for inttypes.h
configure:5176: gcc -c -g -O2  conftest.c >&5
configure:5176: $? = 0
configure:5176: result: yes
configure:5176: checking for stdint.h
configure:5176: gcc -c -g -O2  conftest.c >&5
configure:5176: $? = 0
configure:5176: result: yes
configure:5176: checking for unistd.h
configure:5176: gcc -c -g -O2  conftest.c >&5
configure:5176: $? = 0
configure:5176: result: yes
configure:5191: checking if zlib is wanted
configure:5213: result: yes
configure:5243: checking for inflateEnd in -lz
configure:5268: gcc -o conftest -g -O2   conftest.c -lz  -lm  >&5
/usr/bin/ld: cannot find -lz
collect2: error: ld returned 1 exit status
configure:5268: $? = 1
configure: failed program was:
| /* confdefs.h */
| #define PACKAGE_NAME "RCSSServer"
| #define PACKAGE_TARNAME "rcssserver"
| #define PACKAGE_VERSION "17.0.1"
| #define PACKAGE_STRING "RCSSServer 17.0.1"
| #define PACKAGE_BUGREPORT "https://github.com/rcsoccersim/"
| #define PACKAGE_URL ""
| #define PACKAGE "rcssserver"
| #define VERSION "17.0.1"
| #define HAVE_LIBM 1
| #define STDC_HEADERS 1
| #define HAVE_SYS_TYPES_H 1
| #define HAVE_SYS_STAT_H 1
| #define HAVE_STDLIB_H 1
| #define HAVE_STRING_H 1
| #define HAVE_MEMORY_H 1
| #define HAVE_STRINGS_H 1
| #define HAVE_INTTYPES_H 1
| #define HAVE_STDINT_H 1
| #define HAVE_UNISTD_H 1
| /* end confdefs.h.  */
| 
| /* Override any GCC internal prototype to avoid an error.
|    Use char because int might match the return type of a GCC
|    builtin and then its argument prototype would still apply.  */
| #ifdef __cplusplus
| extern "C"
| #endif
| char inflateEnd ();
| int
| main ()
| {
| return inflateEnd ();
|   ;
|   return 0;
| }
configure:5277: result: no
configure:5285: checking zlib.h usability
configure:5285: gcc -c -g -O2  conftest.c >&5
conftest.c:55:10: fatal error: zlib.h: No such file or directory
   55 | #include <zlib.h>
      |          ^~~~~~~~
compilation terminated.
configure:5285: $? = 1
configure: failed program was:
| /* confdefs.h */
| #define PACKAGE_NAME "RCSSServer"
| #define PACKAGE_TARNAME "rcssserver"
| #define PACKAGE_VERSION "17.0.1"
| #define PACKAGE_STRING "RCSSServer 17.0.1"
| #define PACKAGE_BUGREPORT "https://github.com/rcsoccersim/"
| #define PACKAGE_URL ""
| #define PACKAGE "rcssserver"
| #define VERSION "17.0.1"
| #define HAVE_LIBM 1
| #define STDC_HEADERS 1
| #define HAVE_SYS_TYPES_H 1
| #define HAVE_SYS_STAT_H 1
| #define HAVE_STDLIB_H 1
| #define HAVE_STRING_H 1
| #define HAVE_MEMORY_H 1
| #define HAVE_STRINGS_H 1
| #define HAVE_INTTYPES_H 1
| #define HAVE_STDINT_H 1
| #define HAVE_UNISTD_H 1
| /* end confdefs.h.  */
| #include <stdio.h>
| #ifdef HAVE_SYS_TYPES_H
| # include <sys/types.h>
| #endif
| #ifdef HAVE_SYS_STAT_H
| # include <sys/stat.h>
| #endif
| #ifdef STDC_HEADERS
| # include <stdlib.h>
| # include <stddef.h>
| #else
| # ifdef HAVE_STDLIB_H
| #  include <stdlib.h>
| # endif
| #endif
| #ifdef HAVE_STRING_H
| # if !defined STDC_HEADERS && defined HAVE_MEMORY_H
| #  include <memory.h>
| # endif
| # include <string.h>
| #endif
| #ifdef HAVE_STRINGS_H
| # include <strings.h>
| #endif
| #ifdef HAVE_INTTYPES_H
| # include <inttypes.h>
| #endif
| #ifdef HAVE_STDINT_H
| # include <stdint.h>
| #endif
| #ifdef HAVE_UNISTD_H
| # include <unistd.h>
| #endif
| #include <zlib.h>
configure:5285: result: no
configure:5285: checking zlib.h presence
configure:5285: gcc -E  conftest.c
conftest.c:22:10: fatal error: zlib.h: No such file or directory
   22 | #include <zlib.h>
      |          ^~~~~~~~
compilation terminated.
configure:5285: $? = 1
configure: failed program was:
| /* confdefs.h */
| #define PACKAGE_NAME "RCSSServer"
| #define PACKAGE_TARNAME "rcssserver"
| #define PACKAGE_VERSION "17.0.1"
| #define PACKAGE_STRING "RCSSServer 17.0.1"
| #define PACKAGE_BUGREPORT "https://github.com/rcsoccersim/"
| #define PACKAGE_URL ""
| #define PACKAGE "rcssserver"
| #define VERSION "17.0.1"
| #define HAVE_LIBM 1
| #define STDC_HEADERS 1
| #define HAVE_SYS_TYPES_H 1
| #define HAVE_SYS_STAT_H 1
| #define HAVE_STDLIB_H 1
| #define HAVE_STRING_H 1
| #define HAVE_MEMORY_H 1
| #define HAVE_STRINGS_H 1
| #define HAVE_INTTYPES_H 1
| #define HAVE_STDINT_H 1
| #define HAVE_UNISTD_H 1
| /* end confdefs.h.  */
| #include <zlib.h>
configure:5285: result: no
configure:5285: checking for zlib.h
configure:5285: result: no
configure:5316: Zlib not found.
configure:5326: checking for size_t
configure:5326: gcc -c -g -O2  conftest.c >&5
configure:5326: $? = 0
configure:5326: gcc -c -g -O2  conftest.c >&5
conftest.c: In function 'main':
conftest.c:58:21: error: expected expression before ')' token
   58 | if (sizeof ((size_t)))
      |                     ^
configure:5326: $? = 1
configure: failed program was:
| /* confdefs.h */
| #define PACKAGE_NAME "RCSSServer"
| #define PACKAGE_TARNAME "rcssserver"
| #define PACKAGE_VERSION "17.0.1"
| #define PACKAGE_STRING "RCSSServer 17.0.1"
| #define PACKAGE_BUGREPORT "https://github.com/rcsoccersim/"
| #define PACKAGE_URL ""
| #define PACKAGE "rcssserver"
| #define VERSION "17.0.1"
| #define HAVE_LIBM 1
| #define STDC_HEADERS 1
| #define HAVE_SYS_TYPES_H 1
| #define HAVE_SYS_STAT_H 1
| #define HAVE_STDLIB_H 1
| #define HAVE_STRING_H 1
| #define HAVE_MEMORY_H 1
| #define HAVE_STRINGS_H 1
| #define HAVE_INTTYPES_H 1
| #define HAVE_STDINT_H 1
| #define HAVE_UNISTD_H 1
| /* end confdefs.h.  */
| #include <stdio.h>
| #ifdef HAVE_SYS_TYPES_H
| # include <sys/types.h>
| #endif
| #ifdef HAVE_SYS_STAT_H
| # include <sys/stat.h>
| #endif
| #ifdef STDC_HEADERS
| # include <stdlib.h>
| # include <stddef.h>
| #else
| # ifdef HAVE_STDLIB_H
| #  include <stdlib.h>
| # endif
| #endif
| #ifdef HAVE_STRING_H
| # if !defined STDC_HEADERS && defined HAVE_MEMORY_H
| #  include <memory.h>
| # endif
| # include <string.h>
| #endif
| #ifdef HAVE_STRINGS_H
| # include <strings.h>
| #endif
| #ifdef HAVE_INTTYPES_H
| # include <inttypes.h>
| #endif
| #ifdef HAVE_STDINT_H
| # include <stdint.h>
| #endif
| #ifdef HAVE_UNISTD_H
| # include <unistd.h>
| #endif
| int
| main ()
| {
| if (sizeof ((size_t)))
| 	    return 0;
|   ;
|   return 0;
| }
configure:5326: result: yes
configure:5339: checking for working alloca.h
configure:5356: gcc -o conftest -g -O2   conftest.c -lm  >&5
configure:5356: $? = 0
configure:5364: result: yes
configure:5372: checking for alloca
configure:5409: gcc -o conftest -g -O2   conftest.c -lm  >&5
configure:5409: $? = 0
configure:5417: result: yes
configure:5523: checking for ANSI C header files
configure:5627: result: yes
configure:5638: checking arpa/inet.h usability
configure:5638: gcc -c -g -O2  conftest.c >&5
configure:5638: $? = 0
configure:5638: result: yes
configure:5638: checking arpa/inet.h presence
configure:5638: gcc -E  conftest.c
configure:5638: $? = 0
configure:5638: result: yes
configure:5638: checking for arpa/inet.h
configure:5638: result: yes
configure:5638: checking fcntl.h usability
configure:5638: gcc -c -g -O2  conftest.c >&5
configure:5638: $? = 0
configure:5638: result: yes
configure:5638: checking fcntl.h presence
configure:5638: gcc -E  conftest.c
configure:5638: $? = 0
configure:5638: result: yes
configure:5638: checking for fcntl.h
configure:5638: result: yes
configure:5651: checking for inttypes.h
configure:5651: result: yes
configure:5651: checking libintl.h usability
configure:5651: gcc -c -g -O2  conftest.c >&5
configure:5651: $? = 0
configure:5651: result: yes
configure:5651: checking libintl.h presence
configure:5651: gcc -E  conftest.c
configure:5651: $? = 0
configure:5651: result: yes
configure:5651: checking for libintl.h
configure:5651: result: yes
configure:5651: checking for libintl.h
configure:5651: result: yes
configure:5651: checking malloc.h usability
configure:5651: gcc -c -g -O2  conftest.c >&5
configure:5651: $? = 0
configure:5651: result: yes
configure:5651: checking malloc.h presence
configure:5651: gcc -E  conftest.c
configure:5651: $? = 0
configure:5651: result: yes
configure:5651: checking for malloc.h
configure:5651: result: yes
configure:5651: checking netdb.h usability
configure:5651: gcc -c -g -O2  conftest.c >&5
configure:5651: $? = 0
configure:5651: result: yes
configure:5651: checking netdb.h presence
configure:5651: gcc -E  conftest.c
configure:5651: $? = 0
configure:5651: result: yes
configure:5651: checking for netdb.h
configure:5651: result: yes
configure:5664: checking netinet/in.h usability
configure:5664: gcc -c -g -O2  conftest.c >&5
configure:5664: $? = 0
configure:5664: result: yes
configure:5664: checking netinet/in.h presence
configure:5664: gcc -E  conftest.c
configure:5664: $? = 0
configure:5664: result: yes
configure:5664: checking for netinet/in.h
configure:5664: result: yes
configure:5664: checking poll.h usability
configure:5664: gcc -c -g -O2  conftest.c >&5
configure:5664: $? = 0
configure:5664: result: yes
configure:5664: checking poll.h presence
configure:5664: gcc -E  conftest.c
configure:5664: $? = 0
configure:5664: result: yes
configure:5664: checking for poll.h
configure:5664: result: yes
configure:5664: checking pwd.h usability
configure:5664: gcc -c -g -O2  conftest.c >&5
configure:5664: $? = 0
configure:5664: result: yes
configure:5664: checking pwd.h presence
configure:5664: gcc -E  conftest.c
configure:5664: $? = 0
configure:5664: result: yes
configure:5664: checking for pwd.h
configure:5664: result: yes
configure:5664: checking stddef.h usability
configure:5664: gcc -c -g -O2  conftest.c >&5
configure:5664: $? = 0
configure:5664: result: yes
configure:5664: checking stddef.h presence
configure:5664: gcc -E  conftest.c
configure:5664: $? = 0
configure:5664: result: yes
configure:5664: checking for stddef.h
configure:5664: result: yes
configure:5664: checking for stdlib.h
configure:5664: result: yes
configure:5664: checking sys/param.h usability
configure:5664: gcc -c -g -O2  conftest.c >&5
configure:5664: $? = 0
configure:5664: result: yes
configure:5664: checking sys/param.h presence
configure:5664: gcc -E  conftest.c
configure:5664: $? = 0
configure:5664: result: yes
configure:5664: checking for sys/param.h
configure:5664: result: yes
configure:5677: checking sys/socket.h usability
configure:5677: gcc -c -g -O2  conftest.c >&5
configure:5677: $? = 0
configure:5677: result: yes
configure:5677: checking sys/socket.h presence
configure:5677: gcc -E  conftest.c
configure:5677: $? = 0
configure:5677: result: yes
configure:5677: checking for sys/socket.h
configure:5677: result: yes
configure:5677: checking sys/time.h usability
configure:5677: gcc -c -g -O2  conftest.c >&5
configure:5677: $? = 0
configure:5677: result: yes
configure:5677: checking sys/time.h presence
configure:5677: gcc -E  conftest.c
configure:5677: $? = 0
configure:5677: result: yes
configure:5677: checking for sys/time.h
configure:5677: result: yes
configure:5677: checking for sys/types.h
configure:5677: result: yes
configure:5677: checking for unistd.h
configure:5677: result: yes
configure:5693: checking for stdbool.h that conforms to C99
configure:5760: gcc -c -g -O2  conftest.c >&5
configure:5760: $? = 0
configure:5767: result: yes
configure:5769: checking for _Bool
configure:5769: gcc -c -g -O2  conftest.c >&5
configure:5769: $? = 0
configure:5769: gcc -c -g -O2  conftest.c >&5
conftest.c: In function 'main':
conftest.c:78:20: error: expected expression before ')' token
   78 | if (sizeof ((_Bool)))
      |                    ^
configure:5769: $? = 1
configure: failed program was:
| /* confdefs.h */
| #define PACKAGE_NAME "RCSSServer"
| #define PACKAGE_TARNAME "rcssserver"
| #define PACKAGE_VERSION "17.0.1"
| #define PACKAGE_STRING "RCSSServer 17.0.1"
| #define PACKAGE_BUGREPORT "https://github.com/rcsoccersim/"
| #define PACKAGE_URL ""
| #define PACKAGE "rcssserver"
| #define VERSION "17.0.1"
| #define HAVE_LIBM 1
| #define STDC_HEADERS 1
| #define HAVE_SYS_TYPES_H 1
| #define HAVE_SYS_STAT_H 1
| #define HAVE_STDLIB_H 1
| #define HAVE_STRING_H 1
| #define HAVE_MEMORY_H 1
| #define HAVE_STRINGS_H 1
| #define HAVE_INTTYPES_H 1
| #define HAVE_STDINT_H 1
| #define HAVE_UNISTD_H 1
| #define HAVE_ALLOCA_H 1
| #define HAVE_ALLOCA 1
| #define STDC_HEADERS 1
| #define HAVE_ARPA_INET_H 1
| #define HAVE_FCNTL_H 1
| #define HAVE_INTTYPES_H 1
| #define HAVE_LIBINTL_H 1
| #define HAVE_LIBINTL_H 1
| #define HAVE_MALLOC_H 1
| #define HAVE_NETDB_H 1
| #define HAVE_NETINET_IN_H 1
| #define HAVE_POLL_H 1
| #define HAVE_PWD_H 1
| #define HAVE_STDDEF_H 1
| #define HAVE_STDLIB_H 1
| #define HAVE_SYS_PARAM_H 1
| #define HAVE_SYS_SOCKET_H 1
| #define HAVE_SYS_TIME_H 1
| #define HAVE_SYS_TYPES_H 1
| #define HAVE_UNISTD_H 1
| /* end confdefs.h.  */
| #include <stdio.h>
| #ifdef HAVE_SYS_TYPES_H
| # include <sys/types.h>
| #endif
| #ifdef HAVE_SYS_STAT_H
| # include <sys/stat.h>
| #endif
| #ifdef STDC_HEADERS
| # include <stdlib.h>
| # include <stddef.h>
| #else
| # ifdef HAVE_STDLIB_H
| #  include <stdlib.h>
| # endif
| #endif
| #ifdef HAVE_STRING_H
| # if !defined STDC_HEADERS && defined HAVE_MEMORY_H
| #  include <memory.h>
| # endif
| # include <string.h>
| #endif
| #ifdef HAVE_STRINGS_H
| # include <strings.h>
| #endif
| #ifdef HAVE_INTTYPES_H
| # include <inttypes.h>
| #endif
| #ifdef HAVE_STDINT_H
| # include <stdint.h>
| #endif
| #ifdef HAVE_UNISTD_H
| # include <unistd.h>
| #endif
| int
| main ()
| {
| if (sizeof ((_Bool)))
| 	    return 0;
|   ;
|   return 0;
| }
configure:5769: result: yes
configure:5786: checking for an ANSI C-conforming const
configure:5852: gcc -c -g -O2  conftest.c >&5
configure:5852: $? = 0
configure:5859: result: yes
configure:5867: checking for inline
configure:5883: gcc -c -g -O2  conftest.c >&5
configure:5883: $? = 0
configure:5891: result: inline
configure:5909: checking for int16_t
configure:5909: gcc -c -g -O2  conftest.c >&5
configure:5909: $? = 0
configure:5909: gcc -c -g -O2  conftest.c >&5
conftest.c: In function 'main':
conftest.c:81:12: error: size of array 'test_array' is negative
   81 | static int test_array [1 - 2 * !((int16_t) (((((int16_t) 1 << N) << N) - 1) * 2 + 1)
      |            ^~~~~~~~~~
configure:5909: $? = 1
configure: failed program was:
| /* confdefs.h */
| #define PACKAGE_NAME "RCSSServer"
| #define PACKAGE_TARNAME "rcssserver"
| #define PACKAGE_VERSION "17.0.1"
| #define PACKAGE_STRING "RCSSServer 17.0.1"
| #define PACKAGE_BUGREPORT "https://github.com/rcsoccersim/"
| #define PACKAGE_URL ""
| #define PACKAGE "rcssserver"
| #define VERSION "17.0.1"
| #define HAVE_LIBM 1
| #define STDC_HEADERS 1
| #define HAVE_SYS_TYPES_H 1
| #define HAVE_SYS_STAT_H 1
| #define HAVE_STDLIB_H 1
| #define HAVE_STRING_H 1
| #define HAVE_MEMORY_H 1
| #define HAVE_STRINGS_H 1
| #define HAVE_INTTYPES_H 1
| #define HAVE_STDINT_H 1
| #define HAVE_UNISTD_H 1
| #define HAVE_ALLOCA_H 1
| #define HAVE_ALLOCA 1
| #define STDC_HEADERS 1
| #define HAVE_ARPA_INET_H 1
| #define HAVE_FCNTL_H 1
| #define HAVE_INTTYPES_H 1
| #define HAVE_LIBINTL_H 1
| #define HAVE_LIBINTL_H 1
| #define HAVE_MALLOC_H 1
| #define HAVE_NETDB_H 1
| #define HAVE_NETINET_IN_H 1
| #define HAVE_POLL_H 1
| #define HAVE_PWD_H 1
| #define HAVE_STDDEF_H 1
| #define HAVE_STDLIB_H 1
| #define HAVE_SYS_PARAM_H 1
| #define HAVE_SYS_SOCKET_H 1
| #define HAVE_SYS_TIME_H 1
| #define HAVE_SYS_TYPES_H 1
| #define HAVE_UNISTD_H 1
| #define HAVE__BOOL 1
| #define HAVE_STDBOOL_H 1
| /* end confdefs.h.  */
| #include <stdio.h>
| #ifdef HAVE_SYS_TYPES_H
| # include <sys/types.h>
| #endif
| #ifdef HAVE_SYS_STAT_H
| # include <sys/stat.h>
| #endif
| #ifdef STDC_HEADERS
| # include <stdlib.h>
| # include <stddef.h>
| #else
| # ifdef HAVE_STDLIB_H
| #  include <stdlib.h>
| # endif
| #endif
| #ifdef HAVE_STRING_H
| # if !defined STDC_HEADERS && defined HAVE_MEMORY_H
| #  include <memory.h>
| # endif
| # include <string.h>
| #endif
| #ifdef HAVE_STRINGS_H
| # include <strings.h>
| #endif
| #ifdef HAVE_INTTYPES_H
| # include <inttypes.h>
| #endif
| #ifdef HAVE_STDINT_H
| # include <stdint.h>
| #endif
| #ifdef HAVE_UNISTD_H
| # include <unistd.h>
| #endif
| 	        enum { N = 16 / 2 - 1 };
| int
| main ()
| {
| static int test_array [1 - 2 * !((int16_t) (((((int16_t) 1 << N) << N) - 1) * 2 + 1)
| 		 < (int16_t) (((((int16_t) 1 << N) << N) - 1) * 2 + 2))];
| test_array [0] = 0;
| return test_array [0];
| 
|   ;
|   return 0;
| }
configure:5909: result: yes
configure:5920: checking for int32_t
configure:5920: gcc -c -g -O2  conftest.c >&5
configure:5920: $? = 0
configure:5920: gcc -c -g -O2  conftest.c >&5
conftest.c: In function 'main':
conftest.c:82:67: warning: integer overflow in expression of type 'int' results in '-2147483648' [-Woverflow]
   82 |                  < (int32_t) (((((int32_t) 1 << N) << N) - 1) * 2 + 2))];
      |                                                                   ^
conftest.c:81:12: error: storage size of 'test_array' isn't constant
   81 | static int test_array [1 - 2 * !((int32_t) (((((int32_t) 1 << N) << N) - 1) * 2 + 1)
      |            ^~~~~~~~~~
configure:5920: $? = 1
configure: failed program was:
| /* confdefs.h */
| #define PACKAGE_NAME "RCSSServer"
| #define PACKAGE_TARNAME "rcssserver"
| #define PACKAGE_VERSION "17.0.1"
| #define PACKAGE_STRING "RCSSServer 17.0.1"
| #define PACKAGE_BUGREPORT "https://github.com/rcsoccersim/"
| #define PACKAGE_URL ""
| #define PACKAGE "rcssserver"
| #define VERSION "17.0.1"
| #define HAVE_LIBM 1
| #define STDC_HEADERS 1
| #define HAVE_SYS_TYPES_H 1
| #define HAVE_SYS_STAT_H 1
| #define HAVE_STDLIB_H 1
| #define HAVE_STRING_H 1
| #define HAVE_MEMORY_H 1
| #define HAVE_STRINGS_H 1
| #define HAVE_INTTYPES_H 1
| #define HAVE_STDINT_H 1
| #define HAVE_UNISTD_H 1
| #define HAVE_ALLOCA_H 1
| #define HAVE_ALLOCA 1
| #define STDC_HEADERS 1
| #define HAVE_ARPA_INET_H 1
| #define HAVE_FCNTL_H 1
| #define HAVE_INTTYPES_H 1
| #define HAVE_LIBINTL_H 1
| #define HAVE_LIBINTL_H 1
| #define HAVE_MALLOC_H 1
| #define HAVE_NETDB_H 1
| #define HAVE_NETINET_IN_H 1
| #define HAVE_POLL_H 1
| #define HAVE_PWD_H 1
| #define HAVE_STDDEF_H 1
| #define HAVE_STDLIB_H 1
| #define HAVE_SYS_PARAM_H 1
| #define HAVE_SYS_SOCKET_H 1
| #define HAVE_SYS_TIME_H 1
| #define HAVE_SYS_TYPES_H 1
| #define HAVE_UNISTD_H 1
| #define HAVE__BOOL 1
| #define HAVE_STDBOOL_H 1
| /* end confdefs.h.  */
| #include <stdio.h>
| #ifdef HAVE_SYS_TYPES_H
| # include <sys/types.h>
| #endif
| #ifdef HAVE_SYS_STAT_H
| # include <sys/stat.h>
| #endif
| #ifdef STDC_HEADERS
| # include <stdlib.h>
| # include <stddef.h>
| #else
| # ifdef HAVE_STDLIB_H
| #  include <stdlib.h>
| # endif
| #endif
| #ifdef HAVE_STRING_H
| # if !defined STDC_HEADERS && defined HAVE_MEMORY_H
| #  include <memory.h>
| # endif
| # include <string.h>
| #endif
| #ifdef HAVE_STRINGS_H
| # include <strings.h>
| #endif
| #ifdef HAVE_INTTYPES_H
| # include <inttypes.h>
| #endif
| #ifdef HAVE_STDINT_H
| # include <stdint.h>
| #endif
| #ifdef HAVE_UNISTD_H
| # include <unistd.h>
| #endif
| 	        enum { N = 32 / 2 - 1 };
| int
| main ()
| {
| static int test_array [1 - 2 * !((int32_t) (((((int32_t) 1 << N) << N) - 1) * 2 + 1)
| 		 < (int32_t) (((((int32_t) 1 << N) << N) - 1) * 2 + 2))];
| test_array [0] = 0;
| return test_array [0];
| 
|   ;
|   return 0;
| }
configure:5920: result: yes
configure:5931: checking for int8_t
configure:5931: gcc -c -g -O2  conftest.c >&5
configure:5931: $? = 0
configure:5931: gcc -c -g -O2  conftest.c >&5
conftest.c: In function 'main':
conftest.c:81:12: error: size of array 'test_array' is negative
   81 | static int test_array [1 - 2 * !((int8_t) (((((int8_t) 1 << N) << N) - 1) * 2 + 1)
      |            ^~~~~~~~~~
configure:5931: $? = 1
configure: failed program was:
| /* confdefs.h */
| #define PACKAGE_NAME "RCSSServer"
| #define PACKAGE_TARNAME "rcssserver"
| #define PACKAGE_VERSION "17.0.1"
| #define PACKAGE_STRING "RCSSServer 17.0.1"
| #define PACKAGE_BUGREPORT "https://github.com/rcsoccersim/"
| #define PACKAGE_URL ""
| #define PACKAGE "rcssserver"
| #define VERSION "17.0.1"
| #define HAVE_LIBM 1
| #define STDC_HEADERS 1
| #define HAVE_SYS_TYPES_H 1
| #define HAVE_SYS_STAT_H 1
| #define HAVE_STDLIB_H 1
| #define HAVE_STRING_H 1
| #define HAVE_MEMORY_H 1
| #define HAVE_STRINGS_H 1
| #define HAVE_INTTYPES_H 1
| #define HAVE_STDINT_H 1
| #define HAVE_UNISTD_H 1
| #define HAVE_ALLOCA_H 1
| #define HAVE_ALLOCA 1
| #define STDC_HEADERS 1
| #define HAVE_ARPA_INET_H 1
| #define HAVE_FCNTL_H 1
| #define HAVE_INTTYPES_H 1
| #define HAVE_LIBINTL_H 1
| #define HAVE_LIBINTL_H 1
| #define HAVE_MALLOC_H 1
| #define HAVE_NETDB_H 1
| #define HAVE_NETINET_IN_H 1
| #define HAVE_POLL_H 1
| #define HAVE_PWD_H 1
| #define HAVE_STDDEF_H 1
| #define HAVE_STDLIB_H 1
| #define HAVE_SYS_PARAM_H 1
| #define HAVE_SYS_SOCKET_H 1
| #define HAVE_SYS_TIME_H 1
| #define HAVE_SYS_TYPES_H 1
| #define HAVE_UNISTD_H 1
| #define HAVE__BOOL 1
| #define HAVE_STDBOOL_H 1
| /* end confdefs.h.  */
| #include <stdio.h>
| #ifdef HAVE_SYS_TYPES_H
| # include <sys/types.h>
| #endif
| #ifdef HAVE_SYS_STAT_H
| # include <sys/stat.h>
| #endif
| #ifdef STDC_HEADERS
| # include <stdlib.h>
| # include <stddef.h>
| #else
| # ifdef HAVE_STDLIB_H
| #  include <stdlib.h>
| # endif
| #endif
| #ifdef HAVE_STRING_H
| # if !defined STDC_HEADERS && defined HAVE_MEMORY_H
| #  include <memory.h>
| # endif
| # include <string.h>
| #endif
| #ifdef HAVE_STRINGS_H
| # include <strings.h>
| #endif
| #ifdef HAVE_INTTYPES_H
| # include <inttypes.h>
| #endif
| #ifdef HAVE_STDINT_H
| # include <stdint.h>
| #endif
| #ifdef HAVE_UNISTD_H
| # include <unistd.h>
| #endif
| 	        enum { N = 8 / 2 - 1 };
| int
| main ()
| {
| static int test_array [1 - 2 * !((int8_t) (((((int8_t) 1 << N) << N) - 1) * 2 + 1)
| 		 < (int8_t) (((((int8_t) 1 << N) << N) - 1) * 2 + 2))];
| test_array [0] = 0;
| return test_array [0];
| 
|   ;
|   return 0;
| }
configure:5931: result: yes
configure:5942: checking for size_t
configure:5942: result: yes
configure:5953: checking whether time.h and sys/time.h may both be included
configure:5973: gcc -c -g -O2  conftest.c >&5
configure:5973: $? = 0
configure:5980: result: yes
configure:5988: checking whether struct tm is in sys/time.h or time.h
configure:6008: gcc -c -g -O2  conftest.c >&5
configure:6008: $? = 0
configure:6015: result: time.h
configure:6023: checking for uint16_t
configure:6023: gcc -c -g -O2  conftest.c >&5
configure:6023: $? = 0
configure:6023: result: yes
configure:6035: checking for uint32_t
configure:6035: gcc -c -g -O2  conftest.c >&5
configure:6035: $? = 0
configure:6035: result: yes
configure:6049: checking for uint8_t
configure:6049: gcc -c -g -O2  conftest.c >&5
configure:6049: $? = 0
configure:6049: result: yes
configure:6064: checking for socklen_t
configure:6064: gcc -c -g -O2  conftest.c >&5
configure:6064: $? = 0
configure:6064: gcc -c -g -O2  conftest.c >&5
conftest.c: In function 'main':
conftest.c:53:24: error: expected expression before ')' token
   53 | if (sizeof ((socklen_t)))
      |                        ^
configure:6064: $? = 1
configure: failed program was:
| /* confdefs.h */
| #define PACKAGE_NAME "RCSSServer"
| #define PACKAGE_TARNAME "rcssserver"
| #define PACKAGE_VERSION "17.0.1"
| #define PACKAGE_STRING "RCSSServer 17.0.1"
| #define PACKAGE_BUGREPORT "https://github.com/rcsoccersim/"
| #define PACKAGE_URL ""
| #define PACKAGE "rcssserver"
| #define VERSION "17.0.1"
| #define HAVE_LIBM 1
| #define STDC_HEADERS 1
| #define HAVE_SYS_TYPES_H 1
| #define HAVE_SYS_STAT_H 1
| #define HAVE_STDLIB_H 1
| #define HAVE_STRING_H 1
| #define HAVE_MEMORY_H 1
| #define HAVE_STRINGS_H 1
| #define HAVE_INTTYPES_H 1
| #define HAVE_STDINT_H 1
| #define HAVE_UNISTD_H 1
| #define HAVE_ALLOCA_H 1
| #define HAVE_ALLOCA 1
| #define STDC_HEADERS 1
| #define HAVE_ARPA_INET_H 1
| #define HAVE_FCNTL_H 1
| #define HAVE_INTTYPES_H 1
| #define HAVE_LIBINTL_H 1
| #define HAVE_LIBINTL_H 1
| #define HAVE_MALLOC_H 1
| #define HAVE_NETDB_H 1
| #define HAVE_NETINET_IN_H 1
| #define HAVE_POLL_H 1
| #define HAVE_PWD_H 1
| #define HAVE_STDDEF_H 1
| #define HAVE_STDLIB_H 1
| #define HAVE_SYS_PARAM_H 1
| #define HAVE_SYS_SOCKET_H 1
| #define HAVE_SYS_TIME_H 1
| #define HAVE_SYS_TYPES_H 1
| #define HAVE_UNISTD_H 1
| #define HAVE__BOOL 1
| #define HAVE_STDBOOL_H 1
| #define TIME_WITH_SYS_TIME 1
| /* end confdefs.h.  */
| 
| #include <sys/types.h>
| #include <sys/socket.h>
| 
| 
| int
| main ()
| {
| if (sizeof ((socklen_t)))
| 	    return 0;
|   ;
|   return 0;
| }
configure:6064: result: yes
configure:6078: checking for size_t
configure:6078: result: yes
configure:6098: checking for pid_t
configure:6098: gcc -c -g -O2  conftest.c >&5
configure:6098: $? = 0
configure:6098: gcc -c -g -O2  conftest.c >&5
conftest.c: In function 'main':
conftest.c:83:20: error: expected expression before ')' token
   83 | if (sizeof ((pid_t)))
      |                    ^
configure:6098: $? = 1
configure: failed program was:
| /* confdefs.h */
| #define PACKAGE_NAME "RCSSServer"
| #define PACKAGE_TARNAME "rcssserver"
| #define PACKAGE_VERSION "17.0.1"
| #define PACKAGE_STRING "RCSSServer 17.0.1"
| #define PACKAGE_BUGREPORT "https://github.com/rcsoccersim/"
| #define PACKAGE_URL ""
| #define PACKAGE "rcssserver"
| #define VERSION "17.0.1"
| #define HAVE_LIBM 1
| #define STDC_HEADERS 1
| #define HAVE_SYS_TYPES_H 1
| #define HAVE_SYS_STAT_H 1
| #define HAVE_STDLIB_H 1
| #define HAVE_STRING_H 1
| #define HAVE_MEMORY_H 1
| #define HAVE_STRINGS_H 1
| #define HAVE_INTTYPES_H 1
| #define HAVE_STDINT_H 1
| #define HAVE_UNISTD_H 1
| #define HAVE_ALLOCA_H 1
| #define HAVE_ALLOCA 1
| #define STDC_HEADERS 1
| #define HAVE_ARPA_INET_H 1
| #define HAVE_FCNTL_H 1
| #define HAVE_INTTYPES_H 1
| #define HAVE_LIBINTL_H 1
| #define HAVE_LIBINTL_H 1
| #define HAVE_MALLOC_H 1
| #define HAVE_NETDB_H 1
| #define HAVE_NETINET_IN_H 1
| #define HAVE_POLL_H 1
| #define HAVE_PWD_H 1
| #define HAVE_STDDEF_H 1
| #define HAVE_STDLIB_H 1
| #define HAVE_SYS_PARAM_H 1
| #define HAVE_SYS_SOCKET_H 1
| #define HAVE_SYS_TIME_H 1
| #define HAVE_SYS_TYPES_H 1
| #define HAVE_UNISTD_H 1
| #define HAVE__BOOL 1
| #define HAVE_STDBOOL_H 1
| #define TIME_WITH_SYS_TIME 1
| #define HAVE_SOCKLEN_T 1
| #define HAVE_SIZE_T 1
| /* end confdefs.h.  */
| #include <stdio.h>
| #ifdef HAVE_SYS_TYPES_H
| # include <sys/types.h>
| #endif
| #ifdef HAVE_SYS_STAT_H
| # include <sys/stat.h>
| #endif
| #ifdef STDC_HEADERS
| # include <stdlib.h>
| # include <stddef.h>
| #else
| # ifdef HAVE_STDLIB_H
| #  include <stdlib.h>
| # endif
| #endif
| #ifdef HAVE_STRING_H
| # if !defined STDC_HEADERS && defined HAVE_MEMORY_H
| #  include <memory.h>
| # endif
| # include <string.h>
| #endif
| #ifdef HAVE_STRINGS_H
| # include <strings.h>
| #endif
| #ifdef HAVE_INTTYPES_H
| # include <inttypes.h>
| #endif
| #ifdef HAVE_STDINT_H
| # include <stdint.h>
| #endif
| #ifdef HAVE_UNISTD_H
| # include <unistd.h>
| #endif
| int
| main ()
| {
| if (sizeof ((pid_t)))
| 	    return 0;
|   ;
|   return 0;
| }
configure:6098: result: yes
configure:6111: checking vfork.h usability
configure:6111: gcc -c -g -O2  conftest.c >&5
conftest.c:80:10: fatal error: vfork.h: No such file or directory
   80 | #include <vfork.h>
      |          ^~~~~~~~~
compilation terminated.
configure:6111: $? = 1
configure: failed program was:
| /* confdefs.h */
| #define PACKAGE_NAME "RCSSServer"
| #define PACKAGE_TARNAME "rcssserver"
| #define PACKAGE_VERSION "17.0.1"
| #define PACKAGE_STRING "RCSSServer 17.0.1"
| #define PACKAGE_BUGREPORT "https://github.com/rcsoccersim/"
| #define PACKAGE_URL ""
| #define PACKAGE "rcssserver"
| #define VERSION "17.0.1"
| #define HAVE_LIBM 1
| #define STDC_HEADERS 1
| #define HAVE_SYS_TYPES_H 1
| #define HAVE_SYS_STAT_H 1
| #define HAVE_STDLIB_H 1
| #define HAVE_STRING_H 1
| #define HAVE_MEMORY_H 1
| #define HAVE_STRINGS_H 1
| #define HAVE_INTTYPES_H 1
| #define HAVE_STDINT_H 1
| #define HAVE_UNISTD_H 1
| #define HAVE_ALLOCA_H 1
| #define HAVE_ALLOCA 1
| #define STDC_HEADERS 1
| #define HAVE_ARPA_INET_H 1
| #define HAVE_FCNTL_H 1
| #define HAVE_INTTYPES_H 1
| #define HAVE_LIBINTL_H 1
| #define HAVE_LIBINTL_H 1
| #define HAVE_MALLOC_H 1
| #define HAVE_NETDB_H 1
| #define HAVE_NETINET_IN_H 1
| #define HAVE_POLL_H 1
| #define HAVE_PWD_H 1
| #define HAVE_STDDEF_H 1
| #define HAVE_STDLIB_H 1
| #define HAVE_SYS_PARAM_H 1
| #define HAVE_SYS_SOCKET_H 1
| #define HAVE_SYS_TIME_H 1
| #define HAVE_SYS_TYPES_H 1
| #define HAVE_UNISTD_H 1
| #define HAVE__BOOL 1
| #define HAVE_STDBOOL_H 1
| #define TIME_WITH_SYS_TIME 1
| #define HAVE_SOCKLEN_T 1
| #define HAVE_SIZE_T 1
| /* end confdefs.h.  */
| #include <stdio.h>
| #ifdef HAVE_SYS_TYPES_H
| # include <sys/types.h>
| #endif
| #ifdef HAVE_SYS_STAT_H
| # include <sys/stat.h>
| #endif
| #ifdef STDC_HEADERS
| # include <stdlib.h>
| # include <stddef.h>
| #else
| # ifdef HAVE_STDLIB_H
| #  include <stdlib.h>
| # endif
| #endif
| #ifdef HAVE_STRING_H
| # if !defined STDC_HEADERS && defined HAVE_MEMORY_H
| #  include <memory.h>
| # endif
| # include <string.h>
| #endif
| #ifdef HAVE_STRINGS_H
| # include <strings.h>
| #endif
| #ifdef HAVE_INTTYPES_H
| # include <inttypes.h>
| #endif
| #ifdef HAVE_STDINT_H
| # include <stdint.h>
| #endif
| #ifdef HAVE_UNISTD_H
| # include <unistd.h>
| #endif
| #include <vfork.h>
configure:6111: result: no
configure:6111: checking vfork.h presence
configure:6111: gcc -E  conftest.c
conftest.c:47:10: fatal error: vfork.h: No such file or directory
   47 | #include <vfork.h>
      |          ^~~~~~~~~
compilation terminated.
configure:6111: $? = 1
configure: failed program was:
| /* confdefs.h */
| #define PACKAGE_NAME "RCSSServer"
| #define PACKAGE_TARNAME "rcssserver"
| #define PACKAGE_VERSION "17.0.1"
| #define PACKAGE_STRING "RCSSServer 17.0.1"
| #define PACKAGE_BUGREPORT "https://github.com/rcsoccersim/"
| #define PACKAGE_URL ""
| #define PACKAGE "rcssserver"
| #define VERSION "17.0.1"
| #define HAVE_LIBM 1
| #define STDC_HEADERS 1
| #define HAVE_SYS_TYPES_H 1
| #define HAVE_SYS_STAT_H 1
| #define HAVE_STDLIB_H 1
| #define HAVE_STRING_H 1
| #define HAVE_MEMORY_H 1
| #define HAVE_STRINGS_H 1
| #define HAVE_INTTYPES_H 1
| #define HAVE_STDINT_H 1
| #define HAVE_UNISTD_H 1
| #define HAVE_ALLOCA_H 1
| #define HAVE_ALLOCA 1
| #define STDC_HEADERS 1
| #define HAVE_ARPA_INET_H 1
| #define HAVE_FCNTL_H 1
| #define HAVE_INTTYPES_H 1
| #define HAVE_LIBINTL_H 1
| #define HAVE_LIBINTL_H 1
| #define HAVE_MALLOC_H 1
| #define HAVE_NETDB_H 1
| #define HAVE_NETINET_IN_H 1
| #define HAVE_POLL_H 1
| #define HAVE_PWD_H 1
| #define HAVE_STDDEF_H 1
| #define HAVE_STDLIB_H 1
| #define HAVE_SYS_PARAM_H 1
| #define HAVE_SYS_SOCKET_H 1
| #define HAVE_SYS_TIME_H 1
| #define HAVE_SYS_TYPES_H 1
| #define HAVE_UNISTD_H 1
| #define HAVE__BOOL 1
| #define HAVE_STDBOOL_H 1
| #define TIME_WITH_SYS_TIME 1
| #define HAVE_SOCKLEN_T 1
| #define HAVE_SIZE_T 1
| /* end confdefs.h.  */
| #include <vfork.h>
configure:6111: result: no
configure:6111: checking for vfork.h
configure:6111: result: no
configure:6124: checking for fork
configure:6124: gcc -o conftest -g -O2   conftest.c -lm  >&5
conftest.c:70:6: warning: conflicting types for built-in function 'fork'; expected 'int(void)' [-Wbuiltin-declaration-mismatch]
   70 | char fork ();
      |      ^~~~
configure:6124: $? = 0
configure:6124: result: yes
configure:6124: checking for vfork
configure:6124: gcc -o conftest -g -O2   conftest.c -lm  >&5
configure:6124: $? = 0
configure:6124: result: yes
configure:6134: checking for working fork
configure:6156: gcc -o conftest -g -O2   conftest.c -lm  >&5
configure:6156: $? = 0
configure:6156: ./conftest
configure:6156: $? = 0
configure:6166: result: yes
configure:6187: checking for working vfork
configure:6297: result: yes
configure:6324: checking for stdlib.h
configure:6324: result: yes
configure:6334: checking for GNU libc compatible malloc
configure:6358: gcc -o conftest -g -O2   conftest.c -lm  >&5
configure:6358: $? = 0
configure:6358: ./conftest
configure:6358: $? = 0
configure:6368: result: yes
configure:6391: checking for stdlib.h
configure:6391: result: yes
configure:6401: checking for GNU libc compatible realloc
configure:6425: gcc -o conftest -g -O2   conftest.c -lm  >&5
configure:6425: $? = 0
configure:6425: ./conftest
configure:6425: $? = 0
configure:6435: result: yes
configure:6456: checking return type of signal handlers
configure:6474: gcc -c -g -O2  conftest.c >&5
conftest.c: In function 'main':
conftest.c:61:10: error: void value not ignored as it ought to be
   61 | return *(signal (0, 0)) (0) == 1;
      |         ~^~~~~~~~~~~~~~~~~~
configure:6474: $? = 1
configure: failed program was:
| /* confdefs.h */
| #define PACKAGE_NAME "RCSSServer"
| #define PACKAGE_TARNAME "rcssserver"
| #define PACKAGE_VERSION "17.0.1"
| #define PACKAGE_STRING "RCSSServer 17.0.1"
| #define PACKAGE_BUGREPORT "https://github.com/rcsoccersim/"
| #define PACKAGE_URL ""
| #define PACKAGE "rcssserver"
| #define VERSION "17.0.1"
| #define HAVE_LIBM 1
| #define STDC_HEADERS 1
| #define HAVE_SYS_TYPES_H 1
| #define HAVE_SYS_STAT_H 1
| #define HAVE_STDLIB_H 1
| #define HAVE_STRING_H 1
| #define HAVE_MEMORY_H 1
| #define HAVE_STRINGS_H 1
| #define HAVE_INTTYPES_H 1
| #define HAVE_STDINT_H 1
| #define HAVE_UNISTD_H 1
| #define HAVE_ALLOCA_H 1
| #define HAVE_ALLOCA 1
| #define STDC_HEADERS 1
| #define HAVE_ARPA_INET_H 1
| #define HAVE_FCNTL_H 1
| #define HAVE_INTTYPES_H 1
| #define HAVE_LIBINTL_H 1
| #define HAVE_LIBINTL_H 1
| #define HAVE_MALLOC_H 1
| #define HAVE_NETDB_H 1
| #define HAVE_NETINET_IN_H 1
| #define HAVE_POLL_H 1
| #define HAVE_PWD_H 1
| #define HAVE_STDDEF_H 1
| #define HAVE_STDLIB_H 1
| #define HAVE_SYS_PARAM_H 1
| #define HAVE_SYS_SOCKET_H 1
| #define HAVE_SYS_TIME_H 1
| #define HAVE_SYS_TYPES_H 1
| #define HAVE_UNISTD_H 1
| #define HAVE__BOOL 1
| #define HAVE_STDBOOL_H 1
| #define TIME_WITH_SYS_TIME 1
| #define HAVE_SOCKLEN_T 1
| #define HAVE_SIZE_T 1
| #define HAVE_FORK 1
| #define HAVE_VFORK 1
| #define HAVE_WORKING_VFORK 1
| #define HAVE_WORKING_FORK 1
| #define HAVE_STDLIB_H 1
| #define HAVE_MALLOC 1
| #define HAVE_STDLIB_H 1
| #define HAVE_REALLOC 1
| /* end confdefs.h.  */
| #include <sys/types.h>
| #include <signal.h>
| 
| int
| main ()
| {
| return *(signal (0, 0)) (0) == 1;
|   ;
|   return 0;
| }
configure:6481: result: void
configure:6491: checking for strftime
configure:6491: gcc -o conftest -g -O2   conftest.c -lm  >&5
conftest.c:79:6: warning: conflicting types for built-in function 'strftime'; expected 'long unsigned int(char *, long unsigned int,  const char *, const void *)' [-Wbuiltin-declaration-mismatch]
   79 | char strftime ();
      |      ^~~~~~~~
conftest.c:67:1: note: 'strftime' is declared in header '<time.h>'
   66 | # include <limits.h>
   67 | #else
configure:6491: $? = 0
configure:6491: result: yes
configure:6546: checking for memset
configure:6546: gcc -o conftest -g -O2   conftest.c -lm  >&5
conftest.c:80:6: warning: conflicting types for built-in function 'memset'; expected 'void *(void *, int,  long unsigned int)' [-Wbuiltin-declaration-mismatch]
   80 | char memset ();
      |      ^~~~~~
conftest.c:68:1: note: 'memset' is declared in header '<string.h>'
   67 | # include <limits.h>
   68 | #else
configure:6546: $? = 0
configure:6546: result: yes
configure:6565: checking for floor
configure:6565: gcc -o conftest -g -O2   conftest.c -lm  >&5
conftest.c:81:6: warning: conflicting types for built-in function 'floor'; expected 'double(double)' [-Wbuiltin-declaration-mismatch]
   81 | char floor ();
      |      ^~~~~
conftest.c:69:1: note: 'floor' is declared in header '<math.h>'
   68 | # include <limits.h>
   69 | #else
configure:6565: $? = 0
configure:6565: result: yes
configure:6565: checking for gethostbyname
configure:6565: gcc -o conftest -g -O2   conftest.c -lm  >&5
configure:6565: $? = 0
configure:6565: result: yes
configure:6565: checking for gettimeofday
configure:6565: gcc -o conftest -g -O2   conftest.c -lm  >&5
configure:6565: $? = 0
configure:6565: result: yes
configure:6565: checking for inet_ntoa
configure:6565: gcc -o conftest -g -O2   conftest.c -lm  >&5
configure:6565: $? = 0
configure:6565: result: yes
configure:6565: checking for memset
configure:6565: result: yes
configure:6565: checking for mkdir
configure:6565: gcc -o conftest -g -O2   conftest.c -lm  >&5
configure:6565: $? = 0
configure:6565: result: yes
configure:6565: checking for pow
configure:6565: gcc -o conftest -g -O2   conftest.c -lm  >&5
conftest.c:87:6: warning: conflicting types for built-in function 'pow'; expected 'double(double,  double)' [-Wbuiltin-declaration-mismatch]
   87 | char pow ();
      |      ^~~
conftest.c:75:1: note: 'pow' is declared in header '<math.h>'
   74 | # include <limits.h>
   75 | #else
configure:6565: $? = 0
configure:6565: result: yes
configure:6565: checking for rint
configure:6565: gcc -o conftest -g -O2   conftest.c -lm  >&5
conftest.c:88:6: warning: conflicting types for built-in function 'rint'; expected 'double(double)' [-Wbuiltin-declaration-mismatch]
   88 | char rint ();
      |      ^~~~
conftest.c:76:1: note: 'rint' is declared in header '<math.h>'
   75 | # include <limits.h>
   76 | #else
configure:6565: $? = 0
configure:6565: result: yes
configure:6577: checking for socket
configure:6577: gcc -o conftest -g -O2   conftest.c -lm  >&5
configure:6577: $? = 0
configure:6577: result: yes
configure:6577: checking for sqrt
configure:6577: gcc -o conftest -g -O2   conftest.c -lm  >&5
conftest.c:90:6: warning: conflicting types for built-in function 'sqrt'; expected 'double(double)' [-Wbuiltin-declaration-mismatch]
   90 | char sqrt ();
      |      ^~~~
conftest.c:78:1: note: 'sqrt' is declared in header '<math.h>'
   77 | # include <limits.h>
   78 | #else
configure:6577: $? = 0
configure:6577: result: yes
configure:6577: checking for strdup
configure:6577: gcc -o conftest -g -O2   conftest.c -lm  >&5
conftest.c:91:6: warning: conflicting types for built-in function 'strdup'; expected 'char *(const char *)' [-Wbuiltin-declaration-mismatch]
   91 | char strdup ();
      |      ^~~~~~
configure:6577: $? = 0
configure:6577: result: yes
configure:6577: checking for strerror
configure:6577: gcc -o conftest -g -O2   conftest.c -lm  >&5
configure:6577: $? = 0
configure:6577: result: yes
configure:6606: checking for flex
configure:6636: result: no
configure:6606: checking for lex
configure:6636: result: no
configure:6768: checking if flex is the lexer generator
configure:6781: result: no
configure:6794: error: 
    `flex' is missing on your system.  Please install it first.

## ---------------- ##
## Cache variables. ##
## ---------------- ##

ac_cv_c_compiler_gnu=yes
ac_cv_c_const=yes
ac_cv_c_inline=inline
ac_cv_c_int16_t=yes
ac_cv_c_int32_t=yes
ac_cv_c_int8_t=yes
ac_cv_c_uint16_t=yes
ac_cv_c_uint32_t=yes
ac_cv_c_uint8_t=yes
ac_cv_cxx_compiler_gnu=yes
ac_cv_env_CCC_set=
ac_cv_env_CCC_value=
ac_cv_env_CC_set=
ac_cv_env_CC_value=
ac_cv_env_CFLAGS_set=
ac_cv_env_CFLAGS_value=
ac_cv_env_CPPFLAGS_set=
ac_cv_env_CPPFLAGS_value=
ac_cv_env_CPP_set=
ac_cv_env_CPP_value=
ac_cv_env_CXXCPP_set=
ac_cv_env_CXXCPP_value=
ac_cv_env_CXXFLAGS_set=
ac_cv_env_CXXFLAGS_value=
ac_cv_env_CXX_set=
ac_cv_env_CXX_value=
ac_cv_env_FLEX_set=
ac_cv_env_FLEX_value=
ac_cv_env_LDFLAGS_set=
ac_cv_env_LDFLAGS_value=
ac_cv_env_LIBS_set=
ac_cv_env_LIBS_value=
ac_cv_env_LT_SYS_LIBRARY_PATH_set=
ac_cv_env_LT_SYS_LIBRARY_PATH_value=
ac_cv_env_RCSSCLIENT_LIBS_set=
ac_cv_env_RCSSCLIENT_LIBS_value=
ac_cv_env_YACC_set=
ac_cv_env_YACC_value=
ac_cv_env_YFLAGS_set=
ac_cv_env_YFLAGS_value=
ac_cv_env_build_alias_set=
ac_cv_env_build_alias_value=
ac_cv_env_host_alias_set=
ac_cv_env_host_alias_value=
ac_cv_env_target_alias_set=
ac_cv_env_target_alias_value=
ac_cv_func_alloca_works=yes
ac_cv_func_floor=yes
ac_cv_func_fork=yes
ac_cv_func_fork_works=yes
ac_cv_func_gethostbyname=yes
ac_cv_func_gettimeofday=yes
ac_cv_func_inet_ntoa=yes
ac_cv_func_malloc_0_nonnull=yes
ac_cv_func_memset=yes
ac_cv_func_mkdir=yes
ac_cv_func_pow=yes
ac_cv_func_realloc_0_nonnull=yes
ac_cv_func_rint=yes
ac_cv_func_socket=yes
ac_cv_func_sqrt=yes
ac_cv_func_strdup=yes
ac_cv_func_strerror=yes
ac_cv_func_strftime=yes
ac_cv_func_vfork=yes
ac_cv_func_vfork_works=yes
ac_cv_header_arpa_inet_h=yes
ac_cv_header_fcntl_h=yes
ac_cv_header_inttypes_h=yes
ac_cv_header_libintl_h=yes
ac_cv_header_malloc_h=yes
ac_cv_header_memory_h=yes
ac_cv_header_netdb_h=yes
ac_cv_header_netinet_in_h=yes
ac_cv_header_poll_h=yes
ac_cv_header_pwd_h=yes
ac_cv_header_stdbool_h=yes
ac_cv_header_stdc=yes
ac_cv_header_stddef_h=yes
ac_cv_header_stdint_h=yes
ac_cv_header_stdlib_h=yes
ac_cv_header_string_h=yes
ac_cv_header_strings_h=yes
ac_cv_header_sys_param_h=yes
ac_cv_header_sys_socket_h=yes
ac_cv_header_sys_stat_h=yes
ac_cv_header_sys_time_h=yes
ac_cv_header_sys_types_h=yes
ac_cv_header_time=yes
ac_cv_header_unistd_h=yes
ac_cv_header_vfork_h=no
ac_cv_header_zlib_h=no
ac_cv_lib_m_cos=yes
ac_cv_lib_z_inflateEnd=no
ac_cv_objext=o
ac_cv_path_EGREP='/usr/bin/grep -E'
ac_cv_path_GREP=/usr/bin/grep
ac_cv_path_install='/usr/bin/install -c'
ac_cv_path_mkdir=/usr/bin/mkdir
ac_cv_prog_AWK=gawk
ac_cv_prog_CPP='gcc -E'
ac_cv_prog_ac_ct_CC=gcc
ac_cv_prog_ac_ct_CXX=g++
ac_cv_prog_cc_c89=
ac_cv_prog_cc_g=yes
ac_cv_prog_cxx_g=yes
ac_cv_prog_make_make_set=yes
ac_cv_struct_tm=time.h
ac_cv_type__Bool=yes
ac_cv_type_pid_t=yes
ac_cv_type_signal=void
ac_cv_type_size_t=yes
ac_cv_type_socklen_t=yes
ac_cv_working_alloca_h=yes
am_cv_CC_dependencies_compiler_type=gcc3
am_cv_CXX_dependencies_compiler_type=gcc3
am_cv_make_support_nested_variables=yes
am_cv_prog_cc_c_o=yes
ax_cv_prog_flex=no
zlib_cv_libz=no
zlib_cv_zlib_h=no

## ----------------- ##
## Output variables. ##
## ----------------- ##

ACLOCAL='${SHELL} /var/home/DiovaniECoelli/Documents/College/soccer/rcssserver-docker/rcssserver-17.0.1/missing aclocal-1.16'
ALLOCA=''
AMDEPBACKSLASH='\'
AMDEP_FALSE='#'
AMDEP_TRUE=''
AMTAR='$${TAR-tar}'
AM_BACKSLASH='\'
AM_DEFAULT_V='$(AM_DEFAULT_VERBOSITY)'
AM_DEFAULT_VERBOSITY='1'
AM_FLEXFLAGS='-olex.yy.c'
AM_V='$(V)'
AR=''
AUTOCONF='${SHELL} /var/home/DiovaniECoelli/Documents/College/soccer/rcssserver-docker/rcssserver-17.0.1/missing autoconf'
AUTOHEADER='${SHELL} /var/home/DiovaniECoelli/Documents/College/soccer/rcssserver-docker/rcssserver-17.0.1/missing autoheader'
AUTOMAKE='${SHELL} /var/home/DiovaniECoelli/Documents/College/soccer/rcssserver-docker/rcssserver-17.0.1/missing automake-1.16'
AWK='gawk'
BOOST_CPPFLAGS=''
BOOST_FILESYSTEM_LIB=''
BOOST_LDFLAGS=''
BOOST_SYSTEM_LIB=''
CC='gcc'
CCDEPMODE='depmode=gcc3'
CFLAGS='-g -O2'
CPP='gcc -E'
CPPFLAGS=''
CXX='g++'
CXXCPP=''
CXXDEPMODE='depmode=gcc3'
CXXFLAGS='-g -O2'
CYGPATH_W='echo'
DEFS=''
DEPDIR='.deps'
DLLTOOL=''
DSYMUTIL=''
DUMPBIN=''
ECHO_C=''
ECHO_N='-n'
ECHO_T=''
EGREP='/usr/bin/grep -E'
EXEEXT=''
FGREP=''
FLEX=''
FLEXFLAGS=''
GREP='/usr/bin/grep'
HAVE_CXX14=''
INSTALL_DATA='${INSTALL} -m 644'
INSTALL_PROGRAM='${INSTALL}'
INSTALL_SCRIPT='${INSTALL}'
INSTALL_STRIP_PROGRAM='$(install_sh) -c -s'
LD=''
LDFLAGS=''
LEX='${SHELL} /var/home/DiovaniECoelli/Documents/College/soccer/rcssserver-docker/rcssserver-17.0.1/missing flex'
LEXLIB=''
LEX_OUTPUT_ROOT=''
LIBOBJS=''
LIBS='-lm '
LIBTOOL=''
LIBTOOL_DEPS=''
LIPO=''
LN_S='ln -s'
LTLIBOBJS=''
LT_SYS_LIBRARY_PATH=''
MAKEINFO='${SHELL} /var/home/DiovaniECoelli/Documents/College/soccer/rcssserver-docker/rcssserver-17.0.1/missing makeinfo'
MANIFEST_TOOL=''
MKDIR_P='/usr/bin/mkdir -p'
NM=''
NMEDIT=''
OBJDUMP=''
OBJEXT='o'
OTOOL64=''
OTOOL=''
PACKAGE='rcssserver'
PACKAGE_BUGREPORT='https://github.com/rcsoccersim/'
PACKAGE_NAME='RCSSServer'
PACKAGE_STRING='RCSSServer 17.0.1'
PACKAGE_TARNAME='rcssserver'
PACKAGE_URL=''
PACKAGE_VERSION='17.0.1'
PATH_SEPARATOR=':'
RANLIB=''
RCSSCLIENT=''
RCSSCLIENT_LIBS=''
SED=''
SET_MAKE=''
SHELL='/bin/sh'
STRIP=''
VERSION='17.0.1'
YACC=''
YFLAGS=''
ac_ct_AR=''
ac_ct_CC='gcc'
ac_ct_CXX='g++'
ac_ct_DUMPBIN=''
am__EXEEXT_FALSE=''
am__EXEEXT_TRUE=''
am__fastdepCC_FALSE='#'
am__fastdepCC_TRUE=''
am__fastdepCXX_FALSE='#'
am__fastdepCXX_TRUE=''
am__include='include'
am__isrc=' -I$(srcdir)'
am__leading_dot='.'
am__nodep='_no'
am__quote=''
am__tar='$${TAR-tar} chof - "$$tardir"'
am__untar='$${TAR-tar} xf -'
bindir='${exec_prefix}/bin'
build=''
build_alias=''
build_cpu=''
build_os=''
build_vendor=''
datadir='${datarootdir}'
datarootdir='${prefix}/share'
docdir='${datarootdir}/doc/${PACKAGE_TARNAME}'
dvidir='${docdir}'
exec_prefix='NONE'
host=''
host_alias=''
host_cpu=''
host_os=''
host_vendor=''
htmldir='${docdir}'
includedir='${prefix}/include'
infodir='${datarootdir}/info'
install_sh='${SHELL} /var/home/DiovaniECoelli/Documents/College/soccer/rcssserver-docker/rcssserver-17.0.1/install-sh'
libdir='${exec_prefix}/lib'
libexecdir='${exec_prefix}/libexec'
localedir='${datarootdir}/locale'
localstatedir='${prefix}/var'
mandir='${datarootdir}/man'
mkdir_p='$(MKDIR_P)'
oldincludedir='/usr/include'
pdfdir='${docdir}'
prefix='NONE'
program_transform_name='s,x,x,'
psdir='${docdir}'
runstatedir='${localstatedir}/run'
sbindir='${exec_prefix}/sbin'
sharedstatedir='${prefix}/com'
sysconfdir='${prefix}/etc'
target_alias=''

## ----------- ##
## confdefs.h. ##
## ----------- ##

/* confdefs.h */
#define PACKAGE_NAME "RCSSServer"
#define PACKAGE_TARNAME "rcssserver"
#define PACKAGE_VERSION "17.0.1"
#define PACKAGE_STRING "RCSSServer 17.0.1"
#define PACKAGE_BUGREPORT "https://github.com/rcsoccersim/"
#define PACKAGE_URL ""
#define PACKAGE "rcssserver"
#define VERSION "17.0.1"
#define HAVE_LIBM 1
#define STDC_HEADERS 1
#define HAVE_SYS_TYPES_H 1
#define HAVE_SYS_STAT_H 1
#define HAVE_STDLIB_H 1
#define HAVE_STRING_H 1
#define HAVE_MEMORY_H 1
#define HAVE_STRINGS_H 1
#define HAVE_INTTYPES_H 1
#define HAVE_STDINT_H 1
#define HAVE_UNISTD_H 1
#define HAVE_ALLOCA_H 1
#define HAVE_ALLOCA 1
#define STDC_HEADERS 1
#define HAVE_ARPA_INET_H 1
#define HAVE_FCNTL_H 1
#define HAVE_INTTYPES_H 1
#define HAVE_LIBINTL_H 1
#define HAVE_LIBINTL_H 1
#define HAVE_MALLOC_H 1
#define HAVE_NETDB_H 1
#define HAVE_NETINET_IN_H 1
#define HAVE_POLL_H 1
#define HAVE_PWD_H 1
#define HAVE_STDDEF_H 1
#define HAVE_STDLIB_H 1
#define HAVE_SYS_PARAM_H 1
#define HAVE_SYS_SOCKET_H 1
#define HAVE_SYS_TIME_H 1
#define HAVE_SYS_TYPES_H 1
#define HAVE_UNISTD_H 1
#define HAVE__BOOL 1
#define HAVE_STDBOOL_H 1
#define TIME_WITH_SYS_TIME 1
#define HAVE_SOCKLEN_T 1
#define HAVE_SIZE_T 1
#define HAVE_FORK 1
#define HAVE_VFORK 1
#define HAVE_WORKING_VFORK 1
#define HAVE_WORKING_FORK 1
#define HAVE_STDLIB_H 1
#define HAVE_MALLOC 1
#define HAVE_STDLIB_H 1
#define HAVE_REALLOC 1
#define RETSIGTYPE void
#define HAVE_STRFTIME 1
#define HAVE_MEMSET 1
#define HAVE_FLOOR 1
#define HAVE_GETHOSTBYNAME 1
#define HAVE_GETTIMEOFDAY 1
#define HAVE_INET_NTOA 1
#define HAVE_MEMSET 1
#define HAVE_MKDIR 1
#define HAVE_POW 1
#define HAVE_RINT 1
#define HAVE_SOCKET 1
#define HAVE_SQRT 1
#define HAVE_STRDUP 1
#define HAVE_STRERROR 1

configure: exit 1
